  Balls.cpp
C:\Users\MakinillaChan\Desktop\Pang-Project-master\Project_8_Solution\Project_8_Solution\Source\Animation.h(54,19): warning C4244: 'inicializando': conversión de 'const float' a 'int'; posible pérdida de datos
C:\Users\MakinillaChan\Desktop\Pang-Project-master\Project_8_Solution\Project_8_Solution\Source\Animation.h(56,30): warning C4244: '=': conversión de 'float' a 'int'; posible pérdida de datos
C:\Users\MakinillaChan\Desktop\Pang-Project-master\Project_8_Solution\Project_8_Solution\Source\Enemy.h(36,19): warning C4244: 'inicializando': conversión de 'float' a 'const int'; posible pérdida de datos
C:\Users\MakinillaChan\Desktop\Pang-Project-master\Project_8_Solution\Project_8_Solution\Source\Balls.cpp(20,14): warning C4244: '=': conversión de 'float' a 'int'; posible pérdida de datos
C:\Users\MakinillaChan\Desktop\Pang-Project-master\Project_8_Solution\Project_8_Solution\Source\Balls.cpp(22,42): warning C4244: '=': conversión de 'float' a 'TYPE'; posible pérdida de datos
          with
          [
              TYPE=int
          ]
C:\Users\MakinillaChan\Desktop\Pang-Project-master\Project_8_Solution\Project_8_Solution\Source\Balls.cpp(23,26): warning C4244: '=': conversión de 'float' a 'TYPE'; posible pérdida de datos
          with
          [
              TYPE=int
          ]
  Enemy.cpp
C:\Users\MakinillaChan\Desktop\Pang-Project-master\Project_8_Solution\Project_8_Solution\Source\Animation.h(54,19): warning C4244: 'inicializando': conversión de 'const float' a 'int'; posible pérdida de datos
C:\Users\MakinillaChan\Desktop\Pang-Project-master\Project_8_Solution\Project_8_Solution\Source\Animation.h(56,30): warning C4244: '=': conversión de 'float' a 'int'; posible pérdida de datos
C:\Users\MakinillaChan\Desktop\Pang-Project-master\Project_8_Solution\Project_8_Solution\Source\Enemy.h(36,19): warning C4244: 'inicializando': conversión de 'float' a 'const int'; posible pérdida de datos
  ModuleEnemies.cpp
C:\Users\MakinillaChan\Desktop\Pang-Project-master\Project_8_Solution\Project_8_Solution\Source\Animation.h(54,19): warning C4244: 'inicializando': conversión de 'const float' a 'int'; posible pérdida de datos
C:\Users\MakinillaChan\Desktop\Pang-Project-master\Project_8_Solution\Project_8_Solution\Source\Animation.h(56,30): warning C4244: '=': conversión de 'float' a 'int'; posible pérdida de datos
C:\Users\MakinillaChan\Desktop\Pang-Project-master\Project_8_Solution\Project_8_Solution\Source\Enemy.h(36,19): warning C4244: 'inicializando': conversión de 'float' a 'const int'; posible pérdida de datos
  Generando código...
  Project_8_Solution.vcxproj -> C:\Users\MakinillaChan\Desktop\Pang-Project-master\Project_8_Solution\Debug\Project_8_Solution.exe
