C:\Program Files (x86)\Microsoft Visual Studio\2019\Professional\MSBuild\Microsoft\VC\v160\Microsoft.CppBuild.targets(467,5): warning MSB8028: El directorio intermedio (Debug\) contiene archivos compartidos de otro proyecto (Project_7_Solution.vcxproj). Esto puede dar lugar a un comportamiento incorrecto de limpieza y recompilación.
  Application.cpp
C:\Users\MakinillaChan\Desktop\Pang-Project-master\Pang\Project_8_Solution\Source\Animation.h(54,19): warning C4244: 'inicializando': conversión de 'const float' a 'int'; posible pérdida de datos
C:\Users\MakinillaChan\Desktop\Pang-Project-master\Pang\Project_8_Solution\Source\Animation.h(56,30): warning C4244: '=': conversión de 'float' a 'int'; posible pérdida de datos
  Collider.cpp
  Enemy.cpp
C:\Users\MakinillaChan\Desktop\Pang-Project-master\Pang\Project_8_Solution\Source\Animation.h(54,19): warning C4244: 'inicializando': conversión de 'const float' a 'int'; posible pérdida de datos
C:\Users\MakinillaChan\Desktop\Pang-Project-master\Pang\Project_8_Solution\Source\Animation.h(56,30): warning C4244: '=': conversión de 'float' a 'int'; posible pérdida de datos
  Balls.cpp
C:\Users\MakinillaChan\Desktop\Pang-Project-master\Pang\Project_8_Solution\Source\Animation.h(54,19): warning C4244: 'inicializando': conversión de 'const float' a 'int'; posible pérdida de datos
C:\Users\MakinillaChan\Desktop\Pang-Project-master\Pang\Project_8_Solution\Source\Animation.h(56,30): warning C4244: '=': conversión de 'float' a 'int'; posible pérdida de datos
C:\Users\MakinillaChan\Desktop\Pang-Project-master\Pang\Project_8_Solution\Source\Balls.cpp(33,23): warning C4244: '+=': conversión de 'TYPE' a 'TYPE'; posible pérdida de datos
          with
          [
              TYPE=float
          ]
          and
          [
              TYPE=int
          ]
C:\Users\MakinillaChan\Desktop\Pang-Project-master\Pang\Project_8_Solution\Source\Balls.cpp(34,23): warning C4244: '+=': conversión de 'TYPE' a 'TYPE'; posible pérdida de datos
          with
          [
              TYPE=float
          ]
          and
          [
              TYPE=int
          ]
  Globals.cpp
  ModuleAudio.cpp
  ModuleCollisions.cpp
  ModuleEnemies.cpp
C:\Users\MakinillaChan\Desktop\Pang-Project-master\Pang\Project_8_Solution\Source\Animation.h(54,19): warning C4244: 'inicializando': conversión de 'const float' a 'int'; posible pérdida de datos
C:\Users\MakinillaChan\Desktop\Pang-Project-master\Pang\Project_8_Solution\Source\Animation.h(56,30): warning C4244: '=': conversión de 'float' a 'int'; posible pérdida de datos
  ModuleFadeToBlack.cpp
C:\Users\MakinillaChan\Desktop\Pang-Project-master\Pang\Project_8_Solution\Source\ModuleFadeToBlack.h(22,22): error C3646: 'Update': especificador de invalidación desconocido
C:\Users\MakinillaChan\Desktop\Pang-Project-master\Pang\Project_8_Solution\Source\ModuleFadeToBlack.h(22,22): error C2059: error de sintaxis: '('
C:\Users\MakinillaChan\Desktop\Pang-Project-master\Pang\Project_8_Solution\Source\ModuleFadeToBlack.h(22,33): error C2238: símbolos (token) inesperados delante de ';'
C:\Users\MakinillaChan\Desktop\Pang-Project-master\Pang\Project_8_Solution\Source\ModuleFadeToBlack.h(26,26): error C3646: 'PostUpdate': especificador de invalidación desconocido
C:\Users\MakinillaChan\Desktop\Pang-Project-master\Pang\Project_8_Solution\Source\ModuleFadeToBlack.h(26,26): error C2059: error de sintaxis: '('
C:\Users\MakinillaChan\Desktop\Pang-Project-master\Pang\Project_8_Solution\Source\ModuleFadeToBlack.h(26,37): error C2238: símbolos (token) inesperados delante de ';'
C:\Users\MakinillaChan\Desktop\Pang-Project-master\Pang\Project_8_Solution\Source\ModuleFadeToBlack.cpp(8,65): error C2664: 'Module::Module(Module &&)': el argumento 1 no puede convertirse de 'bool' a 'const Module &'
C:\Users\MakinillaChan\Desktop\Pang-Project-master\Pang\Project_8_Solution\Source\ModuleFadeToBlack.cpp(9,1): message : Razón: no se puede realizar la conversión de 'bool' a 'const Module'
C:\Users\MakinillaChan\Desktop\Pang-Project-master\Pang\Project_8_Solution\Source\ModuleFadeToBlack.cpp(9,1): message : Ningún constructor ha podido aceptar el tipo de origen o bien la resolución de sobrecarga del constructor era ambigua
C:\Users\MakinillaChan\Desktop\Pang-Project-master\Pang\Project_8_Solution\Source\Module.h(34,1): message : vea la declaración de 'Module::Module'
C:\Users\MakinillaChan\Desktop\Pang-Project-master\Pang\Project_8_Solution\Source\ModuleFadeToBlack.cpp(27,34): error C2143: error de sintaxis: falta ';' delante de 'Module::Update'
C:\Users\MakinillaChan\Desktop\Pang-Project-master\Pang\Project_8_Solution\Source\ModuleFadeToBlack.cpp(27,40): error C4430: falta el especificador de tipo; se presupone int. Nota: C++ no admite default-int
C:\Users\MakinillaChan\Desktop\Pang-Project-master\Pang\Project_8_Solution\Source\ModuleFadeToBlack.cpp(28,1): error C2509: 'Update': función miembro no declarada en 'ModuleFadeToBlack'
C:\Users\MakinillaChan\Desktop\Pang-Project-master\Pang\Project_8_Solution\Source\ModuleFadeToBlack.h(7): message : vea la declaración de 'ModuleFadeToBlack'
C:\Users\MakinillaChan\Desktop\Pang-Project-master\Pang\Project_8_Solution\Source\ModuleFadeToBlack.cpp(56,34): error C2143: error de sintaxis: falta ';' delante de 'Module::PostUpdate'
C:\Users\MakinillaChan\Desktop\Pang-Project-master\Pang\Project_8_Solution\Source\ModuleFadeToBlack.cpp(56,44): error C4430: falta el especificador de tipo; se presupone int. Nota: C++ no admite default-int
C:\Users\MakinillaChan\Desktop\Pang-Project-master\Pang\Project_8_Solution\Source\ModuleFadeToBlack.cpp(56,1): error C2086: 'int Update_Status': nueva definición
C:\Users\MakinillaChan\Desktop\Pang-Project-master\Pang\Project_8_Solution\Source\ModuleFadeToBlack.cpp(27): message : vea la declaración de 'Update_Status'
C:\Users\MakinillaChan\Desktop\Pang-Project-master\Pang\Project_8_Solution\Source\ModuleFadeToBlack.cpp(57,1): error C2509: 'PostUpdate': función miembro no declarada en 'ModuleFadeToBlack'
C:\Users\MakinillaChan\Desktop\Pang-Project-master\Pang\Project_8_Solution\Source\ModuleFadeToBlack.h(7): message : vea la declaración de 'ModuleFadeToBlack'
C:\Users\MakinillaChan\Desktop\Pang-Project-master\Pang\Project_8_Solution\Source\ModuleFadeToBlack.cpp(79,19): warning C4244: '=': conversión de 'float' a 'Uint32'; posible pérdida de datos
  ModuleParticles.cpp
C:\Users\MakinillaChan\Desktop\Pang-Project-master\Pang\Project_8_Solution\Source\Animation.h(54,19): warning C4244: 'inicializando': conversión de 'const float' a 'int'; posible pérdida de datos
C:\Users\MakinillaChan\Desktop\Pang-Project-master\Pang\Project_8_Solution\Source\Animation.h(56,30): warning C4244: '=': conversión de 'float' a 'int'; posible pérdida de datos
  SceneIntro.cpp
C:\Users\MakinillaChan\Desktop\Pang-Project-master\Pang\Project_8_Solution\Source\Animation.h(54,19): warning C4244: 'inicializando': conversión de 'const float' a 'int'; posible pérdida de datos
C:\Users\MakinillaChan\Desktop\Pang-Project-master\Pang\Project_8_Solution\Source\Animation.h(56,30): warning C4244: '=': conversión de 'float' a 'int'; posible pérdida de datos
C:\Users\MakinillaChan\Desktop\Pang-Project-master\Pang\Project_8_Solution\Source\SceneIntro.h(24,22): error C3646: 'Update': especificador de invalidación desconocido
C:\Users\MakinillaChan\Desktop\Pang-Project-master\Pang\Project_8_Solution\Source\SceneIntro.h(24,22): error C2059: error de sintaxis: '('
C:\Users\MakinillaChan\Desktop\Pang-Project-master\Pang\Project_8_Solution\Source\SceneIntro.h(24,33): error C2238: símbolos (token) inesperados delante de ';'
C:\Users\MakinillaChan\Desktop\Pang-Project-master\Pang\Project_8_Solution\Source\SceneIntro.h(28,26): error C3646: 'PostUpdate': especificador de invalidación desconocido
C:\Users\MakinillaChan\Desktop\Pang-Project-master\Pang\Project_8_Solution\Source\SceneIntro.h(28,26): error C2059: error de sintaxis: '('
C:\Users\MakinillaChan\Desktop\Pang-Project-master\Pang\Project_8_Solution\Source\SceneIntro.h(28,37): error C2238: símbolos (token) inesperados delante de ';'
C:\Users\MakinillaChan\Desktop\Pang-Project-master\Pang\Project_8_Solution\Source\ModuleFadeToBlack.h(22,22): error C3646: 'Update': especificador de invalidación desconocido
C:\Users\MakinillaChan\Desktop\Pang-Project-master\Pang\Project_8_Solution\Source\ModuleFadeToBlack.h(22,22): error C2059: error de sintaxis: '('
C:\Users\MakinillaChan\Desktop\Pang-Project-master\Pang\Project_8_Solution\Source\ModuleFadeToBlack.h(22,33): error C2238: símbolos (token) inesperados delante de ';'
C:\Users\MakinillaChan\Desktop\Pang-Project-master\Pang\Project_8_Solution\Source\ModuleFadeToBlack.h(26,26): error C3646: 'PostUpdate': especificador de invalidación desconocido
C:\Users\MakinillaChan\Desktop\Pang-Project-master\Pang\Project_8_Solution\Source\ModuleFadeToBlack.h(26,26): error C2059: error de sintaxis: '('
C:\Users\MakinillaChan\Desktop\Pang-Project-master\Pang\Project_8_Solution\Source\ModuleFadeToBlack.h(26,37): error C2238: símbolos (token) inesperados delante de ';'
C:\Users\MakinillaChan\Desktop\Pang-Project-master\Pang\Project_8_Solution\Source\SceneIntro.cpp(10,51): error C2664: 'Module::Module(Module &&)': el argumento 1 no puede convertirse de 'bool' a 'const Module &'
C:\Users\MakinillaChan\Desktop\Pang-Project-master\Pang\Project_8_Solution\Source\SceneIntro.cpp(11,1): message : Razón: no se puede realizar la conversión de 'bool' a 'const Module'
C:\Users\MakinillaChan\Desktop\Pang-Project-master\Pang\Project_8_Solution\Source\SceneIntro.cpp(11,1): message : Ningún constructor ha podido aceptar el tipo de origen o bien la resolución de sobrecarga del constructor era ambigua
C:\Users\MakinillaChan\Desktop\Pang-Project-master\Pang\Project_8_Solution\Source\Module.h(34,1): message : vea la declaración de 'Module::Module'
C:\Users\MakinillaChan\Desktop\Pang-Project-master\Pang\Project_8_Solution\Source\SceneIntro.cpp(36,27): error C2143: error de sintaxis: falta ';' delante de 'Module::Update'
C:\Users\MakinillaChan\Desktop\Pang-Project-master\Pang\Project_8_Solution\Source\SceneIntro.cpp(36,33): error C4430: falta el especificador de tipo; se presupone int. Nota: C++ no admite default-int
C:\Users\MakinillaChan\Desktop\Pang-Project-master\Pang\Project_8_Solution\Source\SceneIntro.cpp(37,1): error C2509: 'Update': función miembro no declarada en 'SceneIntro'
C:\Users\MakinillaChan\Desktop\Pang-Project-master\Pang\Project_8_Solution\Source\SceneIntro.h(9): message : vea la declaración de 'SceneIntro'
C:\Users\MakinillaChan\Desktop\Pang-Project-master\Pang\Project_8_Solution\Source\SceneIntro.cpp(47,27): error C2143: error de sintaxis: falta ';' delante de 'Module::PostUpdate'
C:\Users\MakinillaChan\Desktop\Pang-Project-master\Pang\Project_8_Solution\Source\SceneIntro.cpp(47,37): error C4430: falta el especificador de tipo; se presupone int. Nota: C++ no admite default-int
C:\Users\MakinillaChan\Desktop\Pang-Project-master\Pang\Project_8_Solution\Source\SceneIntro.cpp(47,1): error C2086: 'int Update_Status': nueva definición
C:\Users\MakinillaChan\Desktop\Pang-Project-master\Pang\Project_8_Solution\Source\SceneIntro.cpp(36): message : vea la declaración de 'Update_Status'
C:\Users\MakinillaChan\Desktop\Pang-Project-master\Pang\Project_8_Solution\Source\SceneIntro.cpp(48,1): error C2509: 'PostUpdate': función miembro no declarada en 'SceneIntro'
C:\Users\MakinillaChan\Desktop\Pang-Project-master\Pang\Project_8_Solution\Source\SceneIntro.h(9): message : vea la declaración de 'SceneIntro'
  SceneLevel1.cpp
C:\Users\MakinillaChan\Desktop\Pang-Project-master\Pang\Project_8_Solution\Source\Animation.h(54,19): warning C4244: 'inicializando': conversión de 'const float' a 'int'; posible pérdida de datos
C:\Users\MakinillaChan\Desktop\Pang-Project-master\Pang\Project_8_Solution\Source\Animation.h(56,30): warning C4244: '=': conversión de 'float' a 'int'; posible pérdida de datos
C:\Users\MakinillaChan\Desktop\Pang-Project-master\Pang\Project_8_Solution\Source\SceneLevel1.h(24,22): error C3646: 'Update': especificador de invalidación desconocido
C:\Users\MakinillaChan\Desktop\Pang-Project-master\Pang\Project_8_Solution\Source\SceneLevel1.h(24,22): error C2059: error de sintaxis: '('
C:\Users\MakinillaChan\Desktop\Pang-Project-master\Pang\Project_8_Solution\Source\SceneLevel1.h(24,33): error C2238: símbolos (token) inesperados delante de ';'
C:\Users\MakinillaChan\Desktop\Pang-Project-master\Pang\Project_8_Solution\Source\SceneLevel1.h(28,26): error C3646: 'PostUpdate': especificador de invalidación desconocido
C:\Users\MakinillaChan\Desktop\Pang-Project-master\Pang\Project_8_Solution\Source\SceneLevel1.h(28,26): error C2059: error de sintaxis: '('
C:\Users\MakinillaChan\Desktop\Pang-Project-master\Pang\Project_8_Solution\Source\SceneLevel1.h(28,37): error C2238: símbolos (token) inesperados delante de ';'
C:\Users\MakinillaChan\Desktop\Pang-Project-master\Pang\Project_8_Solution\Source\SceneLevel1.cpp(11,53): error C2664: 'Module::Module(Module &&)': el argumento 1 no puede convertirse de 'bool' a 'const Module &'
C:\Users\MakinillaChan\Desktop\Pang-Project-master\Pang\Project_8_Solution\Source\SceneLevel1.cpp(12,1): message : Razón: no se puede realizar la conversión de 'bool' a 'const Module'
C:\Users\MakinillaChan\Desktop\Pang-Project-master\Pang\Project_8_Solution\Source\SceneLevel1.cpp(12,1): message : Ningún constructor ha podido aceptar el tipo de origen o bien la resolución de sobrecarga del constructor era ambigua
C:\Users\MakinillaChan\Desktop\Pang-Project-master\Pang\Project_8_Solution\Source\Module.h(34,1): message : vea la declaración de 'Module::Module'
C:\Users\MakinillaChan\Desktop\Pang-Project-master\Pang\Project_8_Solution\Source\SceneLevel1.cpp(37,42): error C2653: 'Enemy_Type': no es un nombre de clase o espacio de nombres
C:\Users\MakinillaChan\Desktop\Pang-Project-master\Pang\Project_8_Solution\Source\SceneLevel1.cpp(37,37): error C2065: 'Balls': identificador no declarado
C:\Users\MakinillaChan\Desktop\Pang-Project-master\Pang\Project_8_Solution\Source\SceneLevel1.cpp(44,21): error C2039: "Enable": no es un miembro de "ModulePlayer"
C:\Users\MakinillaChan\Desktop\Pang-Project-master\Pang\Project_8_Solution\Source\ModulePlayer.h(11): message : vea la declaración de 'ModulePlayer'
C:\Users\MakinillaChan\Desktop\Pang-Project-master\Pang\Project_8_Solution\Source\SceneLevel1.cpp(45,22): error C2039: "Enable": no es un miembro de "ModuleEnemies"
C:\Users\MakinillaChan\Desktop\Pang-Project-master\Pang\Project_8_Solution\Source\ModuleEnemies.h(31): message : vea la declaración de 'ModuleEnemies'
C:\Users\MakinillaChan\Desktop\Pang-Project-master\Pang\Project_8_Solution\Source\SceneLevel1.cpp(50,28): error C2143: error de sintaxis: falta ';' delante de 'Module::Update'
C:\Users\MakinillaChan\Desktop\Pang-Project-master\Pang\Project_8_Solution\Source\SceneLevel1.cpp(50,34): error C4430: falta el especificador de tipo; se presupone int. Nota: C++ no admite default-int
C:\Users\MakinillaChan\Desktop\Pang-Project-master\Pang\Project_8_Solution\Source\SceneLevel1.cpp(51,1): error C2509: 'Update': función miembro no declarada en 'SceneLevel1'
C:\Users\MakinillaChan\Desktop\Pang-Project-master\Pang\Project_8_Solution\Source\SceneLevel1.h(9): message : vea la declaración de 'SceneLevel1'
C:\Users\MakinillaChan\Desktop\Pang-Project-master\Pang\Project_8_Solution\Source\SceneLevel1.cpp(56,28): error C2143: error de sintaxis: falta ';' delante de 'Module::PostUpdate'
C:\Users\MakinillaChan\Desktop\Pang-Project-master\Pang\Project_8_Solution\Source\SceneLevel1.cpp(56,38): error C4430: falta el especificador de tipo; se presupone int. Nota: C++ no admite default-int
C:\Users\MakinillaChan\Desktop\Pang-Project-master\Pang\Project_8_Solution\Source\SceneLevel1.cpp(56,1): error C2086: 'int Update_Status': nueva definición
C:\Users\MakinillaChan\Desktop\Pang-Project-master\Pang\Project_8_Solution\Source\SceneLevel1.cpp(50): message : vea la declaración de 'Update_Status'
C:\Users\MakinillaChan\Desktop\Pang-Project-master\Pang\Project_8_Solution\Source\SceneLevel1.cpp(57,1): error C2509: 'PostUpdate': función miembro no declarada en 'SceneLevel1'
C:\Users\MakinillaChan\Desktop\Pang-Project-master\Pang\Project_8_Solution\Source\SceneLevel1.h(9): message : vea la declaración de 'SceneLevel1'
C:\Users\MakinillaChan\Desktop\Pang-Project-master\Pang\Project_8_Solution\Source\SceneLevel1.cpp(67,22): error C2039: "Disable": no es un miembro de "ModulePlayer"
C:\Users\MakinillaChan\Desktop\Pang-Project-master\Pang\Project_8_Solution\Source\ModulePlayer.h(11): message : vea la declaración de 'ModulePlayer'
C:\Users\MakinillaChan\Desktop\Pang-Project-master\Pang\Project_8_Solution\Source\SceneLevel1.cpp(68,23): error C2039: "Disable": no es un miembro de "ModuleEnemies"
C:\Users\MakinillaChan\Desktop\Pang-Project-master\Pang\Project_8_Solution\Source\ModuleEnemies.h(31): message : vea la declaración de 'ModuleEnemies'
  ModuleInput.cpp
  ModulePlayer.cpp
C:\Users\MakinillaChan\Desktop\Pang-Project-master\Pang\Project_8_Solution\Source\Animation.h(54,19): warning C4244: 'inicializando': conversión de 'const float' a 'int'; posible pérdida de datos
C:\Users\MakinillaChan\Desktop\Pang-Project-master\Pang\Project_8_Solution\Source\Animation.h(56,30): warning C4244: '=': conversión de 'float' a 'int'; posible pérdida de datos
  ModuleRender.cpp
  ModuleTextures.cpp
  ModuleWindow.cpp
  Main.cpp
  Module.cpp
  Particle.cpp
C:\Users\MakinillaChan\Desktop\Pang-Project-master\Pang\Project_8_Solution\Source\Animation.h(54,19): warning C4244: 'inicializando': conversión de 'const float' a 'int'; posible pérdida de datos
C:\Users\MakinillaChan\Desktop\Pang-Project-master\Pang\Project_8_Solution\Source\Animation.h(56,30): warning C4244: '=': conversión de 'float' a 'int'; posible pérdida de datos
C:\Users\MakinillaChan\Desktop\Pang-Project-master\Pang\Project_8_Solution\Source\Particle.cpp(39,19): warning C4018: '>=': no coinciden signed/unsigned
  Generando código...
  Compilando...
  Path.cpp
C:\Users\MakinillaChan\Desktop\Pang-Project-master\Pang\Project_8_Solution\Source\Animation.h(54,19): warning C4244: 'inicializando': conversión de 'const float' a 'int'; posible pérdida de datos
C:\Users\MakinillaChan\Desktop\Pang-Project-master\Pang\Project_8_Solution\Source\Animation.h(56,30): warning C4244: '=': conversión de 'float' a 'int'; posible pérdida de datos
  Generando código...
