  Med_Balls.cpp
E:\uni\Pang2\Pang-Project\Pang 0.5 (Code)\Project_8_Solution\Source\Animation.h(54,19): warning C4244: 'inicializando': conversión de 'const float' a 'int'; posible pérdida de datos
E:\uni\Pang2\Pang-Project\Pang 0.5 (Code)\Project_8_Solution\Source\Animation.h(56,30): warning C4244: '=': conversión de 'float' a 'int'; posible pérdida de datos
E:\uni\Pang2\Pang-Project\Pang 0.5 (Code)\Project_8_Solution\Source\Enemy.h(36,19): warning C4244: 'inicializando': conversión de 'float' a 'const int'; posible pérdida de datos
E:\uni\Pang2\Pang-Project\Pang 0.5 (Code)\Project_8_Solution\Source\Med_Balls.cpp(28,15): warning C4244: '=': conversión de 'float' a 'int'; posible pérdida de datos
E:\uni\Pang2\Pang-Project\Pang 0.5 (Code)\Project_8_Solution\Source\Med_Balls.cpp(35,43): warning C4244: '=': conversión de 'float' a 'TYPE'; posible pérdida de datos
          with
          [
              TYPE=int
          ]
E:\uni\Pang2\Pang-Project\Pang 0.5 (Code)\Project_8_Solution\Source\Med_Balls.cpp(36,27): warning C4244: '=': conversión de 'float' a 'TYPE'; posible pérdida de datos
          with
          [
              TYPE=int
          ]
  Med_Balls2.cpp
E:\uni\Pang2\Pang-Project\Pang 0.5 (Code)\Project_8_Solution\Source\Animation.h(54,19): warning C4244: 'inicializando': conversión de 'const float' a 'int'; posible pérdida de datos
E:\uni\Pang2\Pang-Project\Pang 0.5 (Code)\Project_8_Solution\Source\Animation.h(56,30): warning C4244: '=': conversión de 'float' a 'int'; posible pérdida de datos
E:\uni\Pang2\Pang-Project\Pang 0.5 (Code)\Project_8_Solution\Source\Enemy.h(36,19): warning C4244: 'inicializando': conversión de 'float' a 'const int'; posible pérdida de datos
E:\uni\Pang2\Pang-Project\Pang 0.5 (Code)\Project_8_Solution\Source\Med_Balls2.cpp(28,15): warning C4244: '=': conversión de 'float' a 'int'; posible pérdida de datos
E:\uni\Pang2\Pang-Project\Pang 0.5 (Code)\Project_8_Solution\Source\Med_Balls2.cpp(35,42): warning C4244: '=': conversión de 'float' a 'TYPE'; posible pérdida de datos
          with
          [
              TYPE=int
          ]
E:\uni\Pang2\Pang-Project\Pang 0.5 (Code)\Project_8_Solution\Source\Med_Balls2.cpp(36,28): warning C4244: '=': conversión de 'float' a 'TYPE'; posible pérdida de datos
          with
          [
              TYPE=int
          ]
  Generando código...
  Project_8_Solution.vcxproj -> E:\uni\Pang2\Pang-Project\Pang 0.5 (Code)\Debug\Project_8_Solution.exe
